Node [0]: starting elevator control system
Started distributor FSM
Started elevator FSM
Common state: {Version:0 UpdaterID:0 PeerSyncStatus:[0 0 0] HallRequests:[[false false] [false false] [false false] [false false]] LocalStates:[{State:{Obstructed:false ActiveStatus:true CurrentBehaviour:0 CurrentFloor:0 Direction:0} CabRequests:[false false false false]} {State:{Obstructed:false ActiveStatus:false CurrentBehaviour:0 CurrentFloor:0 Direction:0} CabRequests:[false false false false]} {State:{Obstructed:false ActiveStatus:false CurrentBehaviour:0 CurrentFloor:0 Direction:0} CabRequests:[false false false false]}]}
Node [0]: lost network connectionNode [0]: reconnected to networkCommon state: {Version:1 UpdaterID:0 PeerSyncStatus:[0 2 2] HallRequests:[[false false] [false false] [false false] [false false]] LocalStates:[{State:{Obstructed:false ActiveStatus:true CurrentBehaviour:0 CurrentFloor:0 Direction:1} CabRequests:[false false false false]} {State:{Obstructed:false ActiveStatus:false CurrentBehaviour:0 CurrentFloor:0 Direction:0} CabRequests:[false false false false]} {State:{Obstructed:false ActiveStatus:false CurrentBehaviour:0 CurrentFloor:0 Direction:0} CabRequests:[false false false false]}]}
Common state: {Version:2 UpdaterID:0 PeerSyncStatus:[0 2 2] HallRequests:[[false false] [false false] [false false] [false false]] LocalStates:[{State:{Obstructed:false ActiveStatus:true CurrentBehaviour:0 CurrentFloor:0 Direction:1} CabRequests:[false true false false]} {State:{Obstructed:false ActiveStatus:false CurrentBehaviour:0 CurrentFloor:0 Direction:0} CabRequests:[false false false false]} {State:{Obstructed:false ActiveStatus:false CurrentBehaviour:0 CurrentFloor:0 Direction:0} CabRequests:[false false false false]}]}
Common state: {Version:3 UpdaterID:0 PeerSyncStatus:[0 2 2] HallRequests:[[false false] [false false] [false false] [false false]] LocalStates:[{State:{Obstructed:false ActiveStatus:true CurrentBehaviour:2 CurrentFloor:0 Direction:0} CabRequests:[false true false false]} {State:{Obstructed:false ActiveStatus:false CurrentBehaviour:0 CurrentFloor:0 Direction:0} CabRequests:[false false false false]} {State:{Obstructed:false ActiveStatus:false CurrentBehaviour:0 CurrentFloor:0 Direction:0} CabRequests:[false false false false]}]}
Common state: {Version:4 UpdaterID:0 PeerSyncStatus:[0 2 2] HallRequests:[[false false] [false false] [false false] [false false]] LocalStates:[{State:{Obstructed:false ActiveStatus:true CurrentBehaviour:2 CurrentFloor:0 Direction:0} CabRequests:[false false false false]} {State:{Obstructed:false ActiveStatus:false CurrentBehaviour:0 CurrentFloor:0 Direction:0} CabRequests:[false false false false]} {State:{Obstructed:false ActiveStatus:false CurrentBehaviour:0 CurrentFloor:0 Direction:0} CabRequests:[false false false false]}]}
Common state: {Version:5 UpdaterID:0 PeerSyncStatus:[0 2 2] HallRequests:[[false false] [false false] [false false] [false false]] LocalStates:[{State:{Obstructed:false ActiveStatus:true CurrentBehaviour:1 CurrentFloor:1 Direction:0} CabRequests:[false false false false]} {State:{Obstructed:false ActiveStatus:false CurrentBehaviour:0 CurrentFloor:0 Direction:0} CabRequests:[false false false false]} {State:{Obstructed:false ActiveStatus:false CurrentBehaviour:0 CurrentFloor:0 Direction:0} CabRequests:[false false false false]}]}
Common state: {Version:6 UpdaterID:0 PeerSyncStatus:[0 2 2] HallRequests:[[false false] [false false] [false false] [false false]] LocalStates:[{State:{Obstructed:false ActiveStatus:true CurrentBehaviour:0 CurrentFloor:1 Direction:0} CabRequests:[false false false false]} {State:{Obstructed:false ActiveStatus:false CurrentBehaviour:0 CurrentFloor:0 Direction:0} CabRequests:[false false false false]} {State:{Obstructed:false ActiveStatus:false CurrentBehaviour:0 CurrentFloor:0 Direction:0} CabRequests:[false false false false]}]}
Common state: {Version:7 UpdaterID:0 PeerSyncStatus:[0 2 2] HallRequests:[[false false] [false false] [false false] [false false]] LocalStates:[{State:{Obstructed:false ActiveStatus:true CurrentBehaviour:0 CurrentFloor:1 Direction:0} CabRequests:[false false false true]} {State:{Obstructed:false ActiveStatus:false CurrentBehaviour:0 CurrentFloor:0 Direction:0} CabRequests:[false false false false]} {State:{Obstructed:false ActiveStatus:false CurrentBehaviour:0 CurrentFloor:0 Direction:0} CabRequests:[false false false false]}]}
Common state: {Version:8 UpdaterID:0 PeerSyncStatus:[0 2 2] HallRequests:[[false false] [false false] [false false] [false false]] LocalStates:[{State:{Obstructed:false ActiveStatus:true CurrentBehaviour:2 CurrentFloor:1 Direction:0} CabRequests:[false false false true]} {State:{Obstructed:false ActiveStatus:false CurrentBehaviour:0 CurrentFloor:0 Direction:0} CabRequests:[false false false false]} {State:{Obstructed:false ActiveStatus:false CurrentBehaviour:0 CurrentFloor:0 Direction:0} CabRequests:[false false false false]}]}
Common state: {Version:9 UpdaterID:0 PeerSyncStatus:[0 2 2] HallRequests:[[false false] [false false] [false false] [false false]] LocalStates:[{State:{Obstructed:false ActiveStatus:false CurrentBehaviour:2 CurrentFloor:1 Direction:0} CabRequests:[false false false true]} {State:{Obstructed:false ActiveStatus:false CurrentBehaviour:0 CurrentFloor:0 Direction:0} CabRequests:[false false false false]} {State:{Obstructed:false ActiveStatus:false CurrentBehaviour:0 CurrentFloor:0 Direction:0} CabRequests:[false false false false]}]}
exec.Command error:  exit status 1
core.exception.AssertError@optimal_hall_requests.d(22): No elevator states provided
----------------
??:? _d_assert_msg [0x5accce049ff8]
./optimal_hall_requests.d:23 bool[][][immutable(char)[]] optimal_hall_requests.optimalHallRequests(bool[2][], elevator_state.LocalElevatorState[immutable(char)[]]) [0x5accce02f798]
./main.d:36 _Dmain [0x5acccdfe6bc4]

panic: exec.Command error

goroutine 1 [running]:
elevator/assigner.CalculateOptimalOrders({0x9, 0x0, {0x0, 0x2, 0x2}, {{0x0, 0x0}, {0x0, 0x0}, {0x0, ...}, ...}, ...}, ...)
	/home/gard/Documents/Sanntid/Heisen/TTK4145/elevator/assigner/assigner.go:66 +0x7fe
main.main()
	/home/gard/Documents/Sanntid/Heisen/TTK4145/elevator/main.go:69 +0x678
exit status 2
