Parsing command line args...










[6n[2;0f+-----------+-----------------+            
|           |    #            |            
| Floor     |  0*  1   2   3  |Disconnected
+-----------+-----------------+-----------+
| Hall Up   |  -   -   -      | Door:   - |
| Hall Down |      -   -   -  | Stop:   - |
| Cab       |  -   -   -   -  | Obstr:  ^ |
+-----------+-----------------+----------1+
[2;0f+-----------+-----------------+            
|           |    #            |            
| Floor     |  0*  1   2   3  |Connected   
+-----------+-----------------+-----------+
| Hall Up   |  -   -   -      | Door:   - |
| Hall Down |      -   -   -  | Stop:   - |
| Cab       |  -   -   -   -  | Obstr:  ^ |
+-----------+-----------------+----------2+
[2;0f+-----------+-----------------+            
|           |   <#            |            
| Floor     |  0*  1   2   3  |Connected   
+-----------+-----------------+-----------+
| Hall Up   |  -   -   -      | Door:   - |
| Hall Down |      -   -   -  | Stop:   - |
| Cab       |  -   -   -   -  | Obstr:  ^ |
+-----------+-----------------+----------3+
[2;0f+-----------+-----------------+            
|           |   <#            |            
| Floor     |  0*  1   2   3  |Connected   
+-----------+-----------------+-----------+
| Hall Up   |  -   -   -      | Door:   - |
| Hall Down |      -   -   -  | Stop:   - |
| Cab       |  -   -   -   -  | Obstr:  ^ |
+-----------+-----------------+----------4+
[2;0f+-----------+-----------------+            
|           |   <#            |            
| Floor     |  0*  1   2   3  |Connected   
+-----------+-----------------+-----------+
| Hall Up   |  -   -   -      | Door:   - |
| Hall Down |      -   -   -  | Stop:   - |
| Cab       |  -   -   -   -  | Obstr:  ^ |
+-----------+-----------------+----------5+
[2;0f+-----------+-----------------+            
|           |   <#            |            
| Floor     |  0*  1   2   3  |Connected   
+-----------+-----------------+-----------+
| Hall Up   |  -   -   -      | Door:   - |
| Hall Down |      -   -   -  | Stop:   - |
| Cab       |  -   -   -   -  | Obstr:  ^ |
+-----------+-----------------+----------6+
[2;0f+-----------+-----------------+            
|           |   <#            |            
| Floor     |  0*  1   2   3  |Connected   
+-----------+-----------------+-----------+
| Hall Up   |  -   -   -      | Door:   - |
| Hall Down |      -   -   -  | Stop:   - |
| Cab       |  -   -   -   -  | Obstr:  ^ |
+-----------+-----------------+----------7+
[2;0f+-----------+-----------------+            
|           |   <#            |            
| Floor     |  0*  1   2   3  |Connected   
+-----------+-----------------+-----------+
| Hall Up   |  -   -   -      | Door:   - |
| Hall Down |      -   -   -  | Stop:   - |
| Cab       |  -   -   -   -  | Obstr:  ^ |
+-----------+-----------------+----------8+
[2;0f+-----------+-----------------+            
|           |   <#            |            
| Floor     |  0*  1   2   3  |Connected   
+-----------+-----------------+-----------+
| Hall Up   |  -   -   -      | Door:   - |
| Hall Down |      -   -   -  | Stop:   - |
| Cab       |  -   -   -   -  | Obstr:  ^ |
+-----------+-----------------+----------9+
[2;0f+-----------+-----------------+            
|           |   <#            |            
| Floor     |  0*  1   2   3  |Connected   
+-----------+-----------------+-----------+
| Hall Up   |  -   -   -      | Door:   - |
| Hall Down |      -   -   -  | Stop:   - |
| Cab       |  -   -   -   -  | Obstr:  ^ |
+-----------+-----------------+---------10+
[2;0f+-----------+-----------------+            
|           |   <#            |            
| Floor     |  0*  1   2   3  |Connected   
+-----------+-----------------+-----------+
| Hall Up   |  -   -   -      | Door:   - |
| Hall Down |      -   -   -  | Stop:   - |
| Cab       |  -   -   -   -  | Obstr:  ^ |
+-----------+-----------------+---------11+
[2;0f+-----------+-----------------+            
|           |   <#            |            
| Floor     |  0*  1   2   3  |Connected   
+-----------+-----------------+-----------+
| Hall Up   |  -   -   -      | Door:   - |
| Hall Down |      -   -   -  | Stop:   - |
| Cab       |  -   -   -   -  | Obstr:  ^ |
+-----------+-----------------+---------12+
[2;0f+-----------+-----------------+            
|           |   <#            |            
| Floor     |  0*  1   2   3  |Connected   
+-----------+-----------------+-----------+
| Hall Up   |  -   -   -      | Door:   - |
| Hall Down |      -   -   -  | Stop:   - |
| Cab       |  -   -   -   -  | Obstr:  ^ |
+-----------+-----------------+---------13+
[2;0f+-----------+-----------------+            
|           |   <#            |            
| Floor     |  0*  1   2   3  |Connected   
+-----------+-----------------+-----------+
| Hall Up   |  -   -   -      | Door:   - |
| Hall Down |      -   -   -  | Stop:   - |
| Cab       |  -   -   -   -  | Obstr:  ^ |
+-----------+-----------------+---------14+
[2;0f+-----------+-----------------+            
|           |   <#            |            
| Floor     |  0*  1   2   3  |Connected   
+-----------+-----------------+-----------+
| Hall Up   |  -   -   -      | Door:   - |
| Hall Down |      -   -   -  | Stop:   - |
| Cab       |  -   -   -   -  | Obstr:  ^ |
+-----------+-----------------+---------15+
[2;0f+-----------+-----------------+            
|           |   <#            |            
| Floor     |  0*  1   2   3  |Connected   
+-----------+-----------------+-----------+
| Hall Up   |  -   -   -      | Door:   - |
| Hall Down |      -   -   -  | Stop:   - |
| Cab       |  -   -   -   -  | Obstr:  ^ |
+-----------+-----------------+---------16+
[2;0f+-----------+-----------------+            
|           | <#              |            
| Floor     |  0*  1   2   3  |Connected   
+-----------+-----------------+-----------+
| Hall Up   |  -   -   -      | Door:   - |
| Hall Down |      -   -   -  | Stop:   - |
| Cab       |  -   -   -   -  | Obstr:  ^ |
+-----------+-----------------+---------17+
[2;0f+-----------+-----------------+            
|           | <#              |            
| Floor     |  0*  1   2   3  |Connected   
+-----------+-----------------+-----------+
| Hall Up   |  -   -   -      | Door:   - |
| Hall Down |      -   -   -  | Stop:   - |
| Cab       |  -   -   -   -  | Obstr:  ^ |
+-----------+-----------------+---------18+
[2;0f+-----------+-----------------+            
|           |  #              |            
| Floor     |  0*  1   2   3  |Connected   
+-----------+-----------------+-----------+
| Hall Up   |  -   -   -      | Door:   - |
| Hall Down |      -   -   -  | Stop:   - |
| Cab       |  -   -   -   -  | Obstr:  ^ |
+-----------+-----------------+---------19+
[2;0f+-----------+-----------------+            
|           |  #              |            
| Floor     |  0*  1   2   3  |Connected   
+-----------+-----------------+-----------+
| Hall Up   |  -   -   -      | Door:   - |
| Hall Down |      -   -   -  | Stop:   - |
| Cab       |  -   -   -   -  | Obstr:  ^ |
+-----------+-----------------+---------20+
[2;0f+-----------+-----------------+            
|           |  #              |            
| Floor     |  0*  1   2   3  |Connected   
+-----------+-----------------+-----------+
| Hall Up   |  -   -   -      | Door:   - |
| Hall Down |      -   -   -  | Stop:   - |
| Cab       |  -   -   -   -  | Obstr:  ^ |
+-----------+-----------------+---------21+
[2;0f+-----------+-----------------+            
|           |  #              |            
| Floor     |  0*  1   2   3  |Connected   
+-----------+-----------------+-----------+
| Hall Up   |  -   -   -      | Door:   - |
| Hall Down |      -   -   -  | Stop:   - |
| Cab       |  -   -   -   -  | Obstr:  ^ |
+-----------+-----------------+---------22+
[2;0f+-----------+-----------------+            
|           |  #              |            
| Floor     |  0*  1   2   3  |Connected   
+-----------+-----------------+-----------+
| Hall Up   |  -   -   -      | Door:   - |
| Hall Down |      -   -   -  | Stop:   - |
| Cab       |  -   -   -   -  | Obstr:  ^ |
+-----------+-----------------+---------23+
[2;0f+-----------+-----------------+            
|           |  #              |            
| Floor     |  0*  1   2   3  |Connected   
+-----------+-----------------+-----------+
| Hall Up   |  -   -   -      | Door:   - |
| Hall Down |      -   -   -  | Stop:   - |
| Cab       |  -   -   -   -  | Obstr:  ^ |
+-----------+-----------------+---------24+
[2;0f+-----------+-----------------+            
|           |  #              |            
| Floor     |  0*  1   2   3  |Connected   
+-----------+-----------------+-----------+
| Hall Up   |  -   -   -      | Door:   - |
| Hall Down |      -   -   -  | Stop:   - |
| Cab       |  -   -   -   -  | Obstr:  ^ |
+-----------+-----------------+---------25+
[2;0f+-----------+-----------------+            
|           |  #              |            
| Floor     |  0*  1   2   3  |Connected   
+-----------+-----------------+-----------+
| Hall Up   |  -   -   -      | Door:   - |
| Hall Down |      -   -   -  | Stop:   - |
| Cab       |  -   -   -   -  | Obstr:  ^ |
+-----------+-----------------+---------26+
[2;0f+-----------+-----------------+            
|           |  #              |            
| Floor     |  0*  1   2   3  |Connected   
+-----------+-----------------+-----------+
| Hall Up   |  -   -   -      | Door:   - |
| Hall Down |      -   -   -  | Stop:   - |
| Cab       |  -   -   -   -  | Obstr:  ^ |
+-----------+-----------------+---------27+
[2;0f+-----------+-----------------+            
|           |  #              |            
| Floor     |  0*  1   2   3  |Connected   
+-----------+-----------------+-----------+
| Hall Up   |  -   -   -      | Door:   - |
| Hall Down |      -   -   -  | Stop:   - |
| Cab       |  -   -   -   -  | Obstr:  ^ |
+-----------+-----------------+---------28+
[2;0f+-----------+-----------------+            
|           |  #              |            
| Floor     |  0*  1   2   3  |Connected   
+-----------+-----------------+-----------+
| Hall Up   |  -   -   -      | Door:   - |
| Hall Down |      -   -   -  | Stop:   - |
| Cab       |  -   -   -   -  | Obstr:  ^ |
+-----------+-----------------+---------29+
[2;0f+-----------+-----------------+            
|           |  #              |            
| Floor     |  0*  1   2   3  |Connected   
+-----------+-----------------+-----------+
| Hall Up   |  -   -   -      | Door:   - |
| Hall Down |      -   -   -  | Stop:   - |
| Cab       |  -   -   -   -  | Obstr:  ^ |
+-----------+-----------------+---------30+
[2;0f+-----------+-----------------+            
|           |  #              |            
| Floor     |  0*  1   2   3  |Connected   
+-----------+-----------------+-----------+
| Hall Up   |  -   -   -      | Door:   - |
| Hall Down |      -   -   -  | Stop:   - |
| Cab       |  -   -   -   -  | Obstr:  ^ |
+-----------+-----------------+---------31+
[2;0f+-----------+-----------------+            
|           |  #              |            
| Floor     |  0*  1   2   3  |Connected   
+-----------+-----------------+-----------+
| Hall Up   |  -   -   -      | Door:   - |
| Hall Down |      -   -   -  | Stop:   - |
| Cab       |  -   -   -   -  | Obstr:  ^ |
+-----------+-----------------+---------32+
[2;0f+-----------+-----------------+            
|           |  #              |            
| Floor     |  0*  1   2   3  |Connected   
+-----------+-----------------+-----------+
| Hall Up   |  -   -   -      | Door:   - |
| Hall Down |      -   -   -  | Stop:   - |
| Cab       |  -   -   -   -  | Obstr:  ^ |
+-----------+-----------------+---------33+
[2;0f+-----------+-----------------+            
|           |  #              |            
| Floor     |  0*  1   2   3  |Connected   
+-----------+-----------------+-----------+
| Hall Up   |  -   -   -      | Door:   - |
| Hall Down |      -   -   -  | Stop:   - |
| Cab       |  -   -   -   -  | Obstr:  ^ |
+-----------+-----------------+---------34+
[2;0f+-----------+-----------------+            
|           |  #              |            
| Floor     |  0*  1   2   3  |Connected   
+-----------+-----------------+-----------+
| Hall Up   |  -   -   -      | Door:   - |
| Hall Down |      -   -   -  | Stop:   - |
| Cab       |  -   -   -   -  | Obstr:  ^ |
+-----------+-----------------+---------35+
[2;0f+-----------+-----------------+            
|           |  #              |            
| Floor     |  0*  1   2   3  |Connected   
+-----------+-----------------+-----------+
| Hall Up   |  -   -   -      | Door:   - |
| Hall Down |      -   -   -  | Stop:   - |
| Cab       |  -   -   -   -  | Obstr:  ^ |
+-----------+-----------------+---------36+
[2;0f+-----------+-----------------+            
|           |  #              |            
| Floor     |  0*  1   2   3  |Connected   
+-----------+-----------------+-----------+
| Hall Up   |  -   -   -      | Door:   - |
| Hall Down |      -   -   -  | Stop:   - |
| Cab       |  -   -   -   -  | Obstr:  ^ |
+-----------+-----------------+---------37+
[2;0f+-----------+-----------------+            
|           |  #              |            
| Floor     |  0*  1   2   3  |Connected   
+-----------+-----------------+-----------+
| Hall Up   |  -   -   -      | Door:   - |
| Hall Down |      -   -   -  | Stop:   - |
| Cab       |  -   -   -   -  | Obstr:  ^ |
+-----------+-----------------+---------38+
[2;0f+-----------+-----------------+            
|           |  #              |            
| Floor     |  0*  1   2   3  |Connected   
+-----------+-----------------+-----------+
| Hall Up   |  -   -   -      | Door:   - |
| Hall Down |      -   -   -  | Stop:   - |
| Cab       |  -   -   -   -  | Obstr:  ^ |
+-----------+-----------------+---------39+
[2;0f+-----------+-----------------+            
|           |  #              |            
| Floor     |  0*  1   2   3  |Connected   
+-----------+-----------------+-----------+
| Hall Up   |  -   -   -      | Door:   - |
| Hall Down |      -   -   -  | Stop:   - |
| Cab       |  -   -   -   -  | Obstr:  ^ |
+-----------+-----------------+---------40+
[2;0f+-----------+-----------------+            
|           |  #              |            
| Floor     |  0*  1   2   3  |Connected   
+-----------+-----------------+-----------+
| Hall Up   |  -   -   -      | Door:   - |
| Hall Down |      -   -   -  | Stop:   - |
| Cab       |  -   -   -   -  | Obstr:  ^ |
+-----------+-----------------+---------41+
[2;0f+-----------+-----------------+            
|           |  #              |            
| Floor     |  0*  1   2   3  |Connected   
+-----------+-----------------+-----------+
| Hall Up   |  -   -   -      | Door:   - |
| Hall Down |      -   -   -  | Stop:   - |
| Cab       |  -   *   -   -  | Obstr:  ^ |
+-----------+-----------------+---------42+
[2;0f+-----------+-----------------+            
|           |  #              |            
| Floor     |  0*  1   2   3  |Connected   
+-----------+-----------------+-----------+
| Hall Up   |  -   -   -      | Door:   - |
| Hall Down |      -   -   -  | Stop:   - |
| Cab       |  -   *   -   -  | Obstr:  ^ |
+-----------+-----------------+---------43+
[2;0f+-----------+-----------------+            
|           |  #              |            
| Floor     |  0*  1   2   3  |Connected   
+-----------+-----------------+-----------+
| Hall Up   |  -   -   -      | Door:   - |
| Hall Down |      -   -   -  | Stop:   - |
| Cab       |  -   *   -   -  | Obstr:  ^ |
+-----------+-----------------+---------44+
[2;0f+-----------+-----------------+            
|           |  #>             |            
| Floor     |  0*  1   2   3  |Connected   
+-----------+-----------------+-----------+
| Hall Up   |  -   -   -      | Door:   - |
| Hall Down |      -   -   -  | Stop:   - |
| Cab       |  -   *   -   -  | Obstr:  ^ |
+-----------+-----------------+---------45+
[2;0f+-----------+-----------------+            
|           |  #>             |            
| Floor     |  0*  1   2   3  |Connected   
+-----------+-----------------+-----------+
| Hall Up   |  -   -   -      | Door:   - |
| Hall Down |      -   -   -  | Stop:   - |
| Cab       |  -   *   -   -  | Obstr:  ^ |
+-----------+-----------------+---------46+
[2;0f+-----------+-----------------+            
|           |  #>             |            
| Floor     |  0*  1   2   3  |Connected   
+-----------+-----------------+-----------+
| Hall Up   |  -   -   -      | Door:   - |
| Hall Down |      -   -   -  | Stop:   - |
| Cab       |  -   *   -   -  | Obstr:  ^ |
+-----------+-----------------+---------47+
[2;0f+-----------+-----------------+            
|           |  #>             |            
| Floor     |  0*  1   2   3  |Connected   
+-----------+-----------------+-----------+
| Hall Up   |  -   -   -      | Door:   - |
| Hall Down |      -   -   -  | Stop:   - |
| Cab       |  -   *   -   -  | Obstr:  ^ |
+-----------+-----------------+---------48+
[2;0f+-----------+-----------------+            
|           |  #>             |            
| Floor     |  0*  1   2   3  |Connected   
+-----------+-----------------+-----------+
| Hall Up   |  -   -   -      | Door:   - |
| Hall Down |      -   -   -  | Stop:   - |
| Cab       |  -   *   -   -  | Obstr:  ^ |
+-----------+-----------------+---------49+
[2;0f+-----------+-----------------+            
|           |  #>             |            
| Floor     |  0*  1   2   3  |Connected   
+-----------+-----------------+-----------+
| Hall Up   |  -   -   -      | Door:   - |
| Hall Down |      -   -   -  | Stop:   - |
| Cab       |  -   *   -   -  | Obstr:  ^ |
+-----------+-----------------+---------50+
[2;0f+-----------+-----------------+            
|           |  #>             |            
| Floor     |  0*  1   2   3  |Connected   
+-----------+-----------------+-----------+
| Hall Up   |  -   -   -      | Door:   - |
| Hall Down |      -   -   -  | Stop:   - |
| Cab       |  -   *   -   -  | Obstr:  ^ |
+-----------+-----------------+---------51+
[2;0f+-----------+-----------------+            
|           |  #>             |            
| Floor     |  0*  1   2   3  |Connected   
+-----------+-----------------+-----------+
| Hall Up   |  -   -   -      | Door:   - |
| Hall Down |      -   -   -  | Stop:   - |
| Cab       |  -   *   -   -  | Obstr:  ^ |
+-----------+-----------------+---------52+
[2;0f+-----------+-----------------+            
|           |  #>             |            
| Floor     |  0*  1   2   3  |Connected   
+-----------+-----------------+-----------+
| Hall Up   |  -   -   -      | Door:   - |
| Hall Down |      -   -   -  | Stop:   - |
| Cab       |  -   *   -   -  | Obstr:  ^ |
+-----------+-----------------+---------53+
[2;0f+-----------+-----------------+            
|           |  #>             |            
| Floor     |  0*  1   2   3  |Connected   
+-----------+-----------------+-----------+
| Hall Up   |  -   -   -      | Door:   - |
| Hall Down |      -   -   -  | Stop:   - |
| Cab       |  -   *   -   -  | Obstr:  ^ |
+-----------+-----------------+---------54+
[2;0f+-----------+-----------------+            
|           |  #>             |            
| Floor     |  0*  1   2   3  |Connected   
+-----------+-----------------+-----------+
| Hall Up   |  -   -   -      | Door:   - |
| Hall Down |      -   -   -  | Stop:   - |
| Cab       |  -   *   -   -  | Obstr:  ^ |
+-----------+-----------------+---------55+
[2;0f+-----------+-----------------+            
|           |  #>             |            
| Floor     |  0*  1   2   3  |Connected   
+-----------+-----------------+-----------+
| Hall Up   |  -   -   -      | Door:   - |
| Hall Down |      -   -   -  | Stop:   - |
| Cab       |  -   *   -   -  | Obstr:  ^ |
+-----------+-----------------+---------56+
[2;0f+-----------+-----------------+            
|           |  #>             |            
| Floor     |  0*  1   2   3  |Connected   
+-----------+-----------------+-----------+
| Hall Up   |  -   -   -      | Door:   - |
| Hall Down |      -   -   -  | Stop:   - |
| Cab       |  -   *   -   -  | Obstr:  ^ |
+-----------+-----------------+---------57+
[2;0f+-----------+-----------------+            
|           |  #>             |            
| Floor     |  0*  1   2   3  |Connected   
+-----------+-----------------+-----------+
| Hall Up   |  -   -   -      | Door:   - |
| Hall Down |      -   -   -  | Stop:   - |
| Cab       |  -   *   -   -  | Obstr:  ^ |
+-----------+-----------------+---------58+
[2;0f+-----------+-----------------+            
|           |    #>           |            
| Floor     |  0*  1   2   3  |Connected   
+-----------+-----------------+-----------+
| Hall Up   |  -   -   -      | Door:   - |
| Hall Down |      -   -   -  | Stop:   - |
| Cab       |  -   *   -   -  | Obstr:  ^ |
+-----------+-----------------+---------59+
[2;0f+-----------+-----------------+            
|           |      #>         |            
| Floor     |  0*  1   2   3  |Connected   
+-----------+-----------------+-----------+
| Hall Up   |  -   -   -      | Door:   - |
| Hall Down |      -   -   -  | Stop:   - |
| Cab       |  -   *   -   -  | Obstr:  ^ |
+-----------+-----------------+---------60+
[2;0f+-----------+-----------------+            
|           |      #>         |            
| Floor     |  0   1*  2   3  |Connected   
+-----------+-----------------+-----------+
| Hall Up   |  -   -   -      | Door:   - |
| Hall Down |      -   -   -  | Stop:   - |
| Cab       |  -   *   -   -  | Obstr:  ^ |
+-----------+-----------------+---------61+
[2;0f+-----------+-----------------+            
|           |      #          |            
| Floor     |  0   1*  2   3  |Connected   
+-----------+-----------------+-----------+
| Hall Up   |  -   -   -      | Door:   - |
| Hall Down |      -   -   -  | Stop:   - |
| Cab       |  -   *   -   -  | Obstr:  ^ |
+-----------+-----------------+---------62+
[2;0f+-----------+-----------------+            
|           |      #          |            
| Floor     |  0   1*  2   3  |Connected   
+-----------+-----------------+-----------+
| Hall Up   |  -   -   -      | Door:   * |
| Hall Down |      -   -   -  | Stop:   - |
| Cab       |  -   *   -   -  | Obstr:  ^ |
+-----------+-----------------+---------63+
[2;0f+-----------+-----------------+            
|           |      #          |            
| Floor     |  0   1*  2   3  |Connected   
+-----------+-----------------+-----------+
| Hall Up   |  -   -   -      | Door:   * |
| Hall Down |      -   -   -  | Stop:   - |
| Cab       |  -   *   -   -  | Obstr:  ^ |
+-----------+-----------------+---------64+
[2;0f+-----------+-----------------+            
|           |      #          |            
| Floor     |  0   1*  2   3  |Connected   
+-----------+-----------------+-----------+
| Hall Up   |  -   -   -      | Door:   * |
| Hall Down |      -   -   -  | Stop:   - |
| Cab       |  -   *   -   -  | Obstr:  ^ |
+-----------+-----------------+---------65+
[2;0f+-----------+-----------------+            
|           |      #          |            
| Floor     |  0   1*  2   3  |Connected   
+-----------+-----------------+-----------+
| Hall Up   |  -   -   -      | Door:   * |
| Hall Down |      -   -   -  | Stop:   - |
| Cab       |  -   *   -   -  | Obstr:  ^ |
+-----------+-----------------+---------66+
[2;0f+-----------+-----------------+            
|           |      #          |            
| Floor     |  0   1*  2   3  |Connected   
+-----------+-----------------+-----------+
| Hall Up   |  -   -   -      | Door:   * |
| Hall Down |      -   -   -  | Stop:   - |
| Cab       |  -   *   -   -  | Obstr:  ^ |
+-----------+-----------------+---------67+
[2;0f+-----------+-----------------+            
|           |      #          |            
| Floor     |  0   1*  2   3  |Connected   
+-----------+-----------------+-----------+
| Hall Up   |  -   -   -      | Door:   * |
| Hall Down |      -   -   -  | Stop:   - |
| Cab       |  -   *   -   -  | Obstr:  ^ |
+-----------+-----------------+---------68+
[2;0f+-----------+-----------------+            
|           |      #          |            
| Floor     |  0   1*  2   3  |Connected   
+-----------+-----------------+-----------+
| Hall Up   |  -   -   -      | Door:   * |
| Hall Down |      -   -   -  | Stop:   - |
| Cab       |  -   *   -   -  | Obstr:  ^ |
+-----------+-----------------+---------69+
[2;0f+-----------+-----------------+            
|           |      #          |            
| Floor     |  0   1*  2   3  |Connected   
+-----------+-----------------+-----------+
| Hall Up   |  -   -   -      | Door:   * |
| Hall Down |      -   -   -  | Stop:   - |
| Cab       |  -   *   -   -  | Obstr:  ^ |
+-----------+-----------------+---------70+
[2;0f+-----------+-----------------+            
|           |      #          |            
| Floor     |  0   1*  2   3  |Connected   
+-----------+-----------------+-----------+
| Hall Up   |  -   -   -      | Door:   * |
| Hall Down |      -   -   -  | Stop:   - |
| Cab       |  -   *   -   -  | Obstr:  ^ |
+-----------+-----------------+---------71+
[2;0f+-----------+-----------------+            
|           |      #          |            
| Floor     |  0   1*  2   3  |Connected   
+-----------+-----------------+-----------+
| Hall Up   |  -   -   -      | Door:   * |
| Hall Down |      -   -   -  | Stop:   - |
| Cab       |  -   *   -   -  | Obstr:  ^ |
+-----------+-----------------+---------72+
[2;0f+-----------+-----------------+            
|           |      #          |            
| Floor     |  0   1*  2   3  |Connected   
+-----------+-----------------+-----------+
| Hall Up   |  -   -   -      | Door:   * |
| Hall Down |      -   -   -  | Stop:   - |
| Cab       |  -   -   -   -  | Obstr:  ^ |
+-----------+-----------------+---------73+
[2;0f+-----------+-----------------+            
|           |      #          |            
| Floor     |  0   1*  2   3  |Connected   
+-----------+-----------------+-----------+
| Hall Up   |  -   -   -      | Door:   * |
| Hall Down |      -   -   -  | Stop:   - |
| Cab       |  -   -   -   -  | Obstr:  ^ |
+-----------+-----------------+---------74+
[2;0f+-----------+-----------------+            
|           |      #          |            
| Floor     |  0   1*  2   3  |Connected   
+-----------+-----------------+-----------+
| Hall Up   |  -   -   -      | Door:   * |
| Hall Down |      -   -   -  | Stop:   - |
| Cab       |  -   -   -   -  | Obstr:  ^ |
+-----------+-----------------+---------75+
[2;0f+-----------+-----------------+            
|           |      #          |            
| Floor     |  0   1*  2   3  |Connected   
+-----------+-----------------+-----------+
| Hall Up   |  -   -   -      | Door:   * |
| Hall Down |      -   -   -  | Stop:   - |
| Cab       |  -   -   -   -  | Obstr:  ^ |
+-----------+-----------------+---------76+
[2;0f+-----------+-----------------+            
|           |      #          |            
| Floor     |  0   1*  2   3  |Connected   
+-----------+-----------------+-----------+
| Hall Up   |  -   -   -      | Door:   * |
| Hall Down |      -   -   -  | Stop:   - |
| Cab       |  -   -   -   -  | Obstr:  ^ |
+-----------+-----------------+---------77+
[2;0f+-----------+-----------------+            
|           |      #          |            
| Floor     |  0   1*  2   3  |Connected   
+-----------+-----------------+-----------+
| Hall Up   |  -   -   -      | Door:   * |
| Hall Down |      -   -   -  | Stop:   - |
| Cab       |  -   -   -   -  | Obstr:  ^ |
+-----------+-----------------+---------78+
[2;0f+-----------+-----------------+            
|           |      #          |            
| Floor     |  0   1*  2   3  |Connected   
+-----------+-----------------+-----------+
| Hall Up   |  -   -   -      | Door:   * |
| Hall Down |      -   -   -  | Stop:   - |
| Cab       |  -   -   -   -  | Obstr:  ^ |
+-----------+-----------------+---------79+
[2;0f+-----------+-----------------+            
|           |      #          |            
| Floor     |  0   1*  2   3  |Connected   
+-----------+-----------------+-----------+
| Hall Up   |  -   -   -      | Door:   * |
| Hall Down |      -   -   -  | Stop:   - |
| Cab       |  -   -   -   -  | Obstr:  ^ |
+-----------+-----------------+---------80+
[2;0f+-----------+-----------------+            
|           |      #          |            
| Floor     |  0   1*  2   3  |Connected   
+-----------+-----------------+-----------+
| Hall Up   |  -   -   -      | Door:   * |
| Hall Down |      -   -   -  | Stop:   - |
| Cab       |  -   -   -   -  | Obstr:  ^ |
+-----------+-----------------+---------81+
[2;0f+-----------+-----------------+            
|           |      #          |            
| Floor     |  0   1*  2   3  |Connected   
+-----------+-----------------+-----------+
| Hall Up   |  -   -   -      | Door:   * |
| Hall Down |      -   -   -  | Stop:   - |
| Cab       |  -   -   -   -  | Obstr:  ^ |
+-----------+-----------------+---------82+
[2;0f+-----------+-----------------+            
|           |      #          |            
| Floor     |  0   1*  2   3  |Connected   
+-----------+-----------------+-----------+
| Hall Up   |  -   -   -      | Door:   * |
| Hall Down |      -   -   -  | Stop:   - |
| Cab       |  -   -   -   -  | Obstr:  ^ |
+-----------+-----------------+---------83+
[2;0f+-----------+-----------------+            
|           |      #          |            
| Floor     |  0   1*  2   3  |Connected   
+-----------+-----------------+-----------+
| Hall Up   |  -   -   -      | Door:   * |
| Hall Down |      -   -   -  | Stop:   - |
| Cab       |  -   -   -   -  | Obstr:  ^ |
+-----------+-----------------+---------84+
[2;0f+-----------+-----------------+            
|           |      #          |            
| Floor     |  0   1*  2   3  |Connected   
+-----------+-----------------+-----------+
| Hall Up   |  -   -   -      | Door:   * |
| Hall Down |      -   -   -  | Stop:   - |
| Cab       |  -   -   -   -  | Obstr:  ^ |
+-----------+-----------------+---------85+
[2;0f+-----------+-----------------+            
|           |      #          |            
| Floor     |  0   1*  2   3  |Connected   
+-----------+-----------------+-----------+
| Hall Up   |  -   -   -      | Door:   * |
| Hall Down |      -   -   -  | Stop:   - |
| Cab       |  -   -   -   -  | Obstr:  ^ |
+-----------+-----------------+---------86+
[2;0f+-----------+-----------------+            
|           |      #          |            
| Floor     |  0   1*  2   3  |Connected   
+-----------+-----------------+-----------+
| Hall Up   |  -   -   -      | Door:   * |
| Hall Down |      -   -   -  | Stop:   - |
| Cab       |  -   -   -   -  | Obstr:  ^ |
+-----------+-----------------+---------87+
[2;0f+-----------+-----------------+            
|           |      #          |            
| Floor     |  0   1*  2   3  |Connected   
+-----------+-----------------+-----------+
| Hall Up   |  -   -   -      | Door:   - |
| Hall Down |      -   -   -  | Stop:   - |
| Cab       |  -   -   -   -  | Obstr:  ^ |
+-----------+-----------------+---------88+
[2;0f+-----------+-----------------+            
|           |      #          |            
| Floor     |  0   1*  2   3  |Connected   
+-----------+-----------------+-----------+
| Hall Up   |  -   -   -      | Door:   - |
| Hall Down |      -   -   -  | Stop:   - |
| Cab       |  -   -   -   -  | Obstr:  ^ |
+-----------+-----------------+---------89+
[2;0f+-----------+-----------------+            
|           |      #          |            
| Floor     |  0   1*  2   3  |Connected   
+-----------+-----------------+-----------+
| Hall Up   |  -   -   -      | Door:   - |
| Hall Down |      -   -   -  | Stop:   - |
| Cab       |  -   -   -   -  | Obstr:  ^ |
+-----------+-----------------+---------90+
[2;0f+-----------+-----------------+            
|           |      #          |            
| Floor     |  0   1*  2   3  |Connected   
+-----------+-----------------+-----------+
| Hall Up   |  -   -   -      | Door:   - |
| Hall Down |      -   -   -  | Stop:   - |
| Cab       |  -   -   -   -  | Obstr:  ^ |
+-----------+-----------------+---------91+
[2;0f+-----------+-----------------+            
|           |      #          |            
| Floor     |  0   1*  2   3  |Connected   
+-----------+-----------------+-----------+
| Hall Up   |  -   -   -      | Door:   - |
| Hall Down |      -   -   -  | Stop:   - |
| Cab       |  -   -   -   -  | Obstr:  ^ |
+-----------+-----------------+---------92+
[2;0f+-----------+-----------------+            
|           |      #          |            
| Floor     |  0   1*  2   3  |Connected   
+-----------+-----------------+-----------+
| Hall Up   |  -   -   -      | Door:   - |
| Hall Down |      -   -   -  | Stop:   - |
| Cab       |  -   -   -   -  | Obstr:  ^ |
+-----------+-----------------+---------93+
[2;0f+-----------+-----------------+            
|           |      #          |            
| Floor     |  0   1*  2   3  |Connected   
+-----------+-----------------+-----------+
| Hall Up   |  -   -   -      | Door:   - |
| Hall Down |      -   -   -  | Stop:   - |
| Cab       |  -   -   -   -  | Obstr:  ^ |
+-----------+-----------------+---------94+
[2;0f+-----------+-----------------+            
|           |      #          |            
| Floor     |  0   1*  2   3  |Connected   
+-----------+-----------------+-----------+
| Hall Up   |  -   -   -      | Door:   - |
| Hall Down |      -   -   -  | Stop:   - |
| Cab       |  -   -   -   -  | Obstr:  ^ |
+-----------+-----------------+---------95+
[2;0f+-----------+-----------------+            
|           |      #          |            
| Floor     |  0   1*  2   3  |Connected   
+-----------+-----------------+-----------+
| Hall Up   |  -   -   -      | Door:   - |
| Hall Down |      -   -   -  | Stop:   - |
| Cab       |  -   -   -   -  | Obstr:  ^ |
+-----------+-----------------+---------96+
[2;0f+-----------+-----------------+            
|           |      #          |            
| Floor     |  0   1*  2   3  |Connected   
+-----------+-----------------+-----------+
| Hall Up   |  -   -   -      | Door:   - |
| Hall Down |      -   -   -  | Stop:   - |
| Cab       |  -   -   -   -  | Obstr:  ^ |
+-----------+-----------------+---------97+
[2;0f+-----------+-----------------+            
|           |      #          |            
| Floor     |  0   1*  2   3  |Connected   
+-----------+-----------------+-----------+
| Hall Up   |  -   -   -      | Door:   - |
| Hall Down |      -   -   -  | Stop:   - |
| Cab       |  -   -   -   -  | Obstr:  ^ |
+-----------+-----------------+---------98+
[2;0f+-----------+-----------------+            
|           |      #          |            
| Floor     |  0   1*  2   3  |Connected   
+-----------+-----------------+-----------+
| Hall Up   |  -   -   -      | Door:   - |
| Hall Down |      -   -   -  | Stop:   - |
| Cab       |  -   -   -   -  | Obstr:  ^ |
+-----------+-----------------+---------99+
[2;0f+-----------+-----------------+            
|           |      #          |            
| Floor     |  0   1*  2   3  |Connected   
+-----------+-----------------+-----------+
| Hall Up   |  -   -   -      | Door:   - |
| Hall Down |      -   -   -  | Stop:   - |
| Cab       |  -   -   -   -  | Obstr:  ^ |
+-----------+-----------------+--------100+
[2;0f+-----------+-----------------+            
|           |      #          |            
| Floor     |  0   1*  2   3  |Connected   
+-----------+-----------------+-----------+
| Hall Up   |  -   -   -      | Door:   - |
| Hall Down |      -   -   -  | Stop:   - |
| Cab       |  -   -   -   -  | Obstr:  ^ |
+-----------+-----------------+--------101+
[2;0f+-----------+-----------------+            
|           |      #          |            
| Floor     |  0   1*  2   3  |Connected   
+-----------+-----------------+-----------+
| Hall Up   |  -   -   -      | Door:   - |
| Hall Down |      -   -   -  | Stop:   - |
| Cab       |  -   -   -   -  | Obstr:  ^ |
+-----------+-----------------+--------102+
[2;0f+-----------+-----------------+            
|           |      #          |            
| Floor     |  0   1*  2   3  |Connected   
+-----------+-----------------+-----------+
| Hall Up   |  -   -   -      | Door:   - |
| Hall Down |      -   -   -  | Stop:   - |
| Cab       |  -   -   -   -  | Obstr:  ^ |
+-----------+-----------------+--------103+
[2;0f+-----------+-----------------+            
|           |      #          |            
| Floor     |  0   1*  2   3  |Connected   
+-----------+-----------------+-----------+
| Hall Up   |  -   -   -      | Door:   - |
| Hall Down |      -   -   -  | Stop:   - |
| Cab       |  -   -   -   -  | Obstr:  ^ |
+-----------+-----------------+--------104+
[2;0f+-----------+-----------------+            
|           |      #          |            
| Floor     |  0   1*  2   3  |Connected   
+-----------+-----------------+-----------+
| Hall Up   |  -   -   -      | Door:   - |
| Hall Down |      -   -   -  | Stop:   - |
| Cab       |  -   -   -   -  | Obstr:  ^ |
+-----------+-----------------+--------105+
[2;0f+-----------+-----------------+            
|           |      #          |            
| Floor     |  0   1*  2   3  |Connected   
+-----------+-----------------+-----------+
| Hall Up   |  -   -   -      | Door:   - |
| Hall Down |      -   -   -  | Stop:   - |
| Cab       |  -   -   -   -  | Obstr:  ^ |
+-----------+-----------------+--------106+
[2;0f+-----------+-----------------+            
|           |      #          |            
| Floor     |  0   1*  2   3  |Connected   
+-----------+-----------------+-----------+
| Hall Up   |  -   -   -      | Door:   - |
| Hall Down |      -   -   -  | Stop:   - |
| Cab       |  -   -   -   -  | Obstr:  ^ |
+-----------+-----------------+--------107+
[2;0f+-----------+-----------------+            
|           |      #          |            
| Floor     |  0   1*  2   3  |Connected   
+-----------+-----------------+-----------+
| Hall Up   |  -   -   -      | Door:   - |
| Hall Down |      -   -   -  | Stop:   - |
| Cab       |  -   -   -   -  | Obstr:  ^ |
+-----------+-----------------+--------108+
[2;0f+-----------+-----------------+            
|           |      #          |            
| Floor     |  0   1*  2   3  |Connected   
+-----------+-----------------+-----------+
| Hall Up   |  -   -   -      | Door:   - |
| Hall Down |      -   -   -  | Stop:   - |
| Cab       |  -   -   -   -  | Obstr:  ^ |
+-----------+-----------------+--------109+
[2;0f+-----------+-----------------+            
|           |      #          |            
| Floor     |  0   1*  2   3  |Connected   
+-----------+-----------------+-----------+
| Hall Up   |  -   -   -      | Door:   - |
| Hall Down |      -   -   -  | Stop:   - |
| Cab       |  -   -   -   -  | Obstr:  ^ |
+-----------+-----------------+--------110+
[2;0f+-----------+-----------------+            
|           |      #          |            
| Floor     |  0   1*  2   3  |Connected   
+-----------+-----------------+-----------+
| Hall Up   |  -   -   -      | Door:   - |
| Hall Down |      -   -   -  | Stop:   - |
| Cab       |  -   -   -   -  | Obstr:  ^ |
+-----------+-----------------+--------111+
[2;0f+-----------+-----------------+            
|           |      #>         |            
| Floor     |  0   1*  2   3  |Connected   
+-----------+-----------------+-----------+
| Hall Up   |  -   -   -      | Door:   - |
| Hall Down |      -   -   -  | Stop:   - |
| Cab       |  -   -   -   -  | Obstr:  ^ |
+-----------+-----------------+--------112+
[2;0f+-----------+-----------------+            
|           |      #>         |            
| Floor     |  0   1*  2   3  |Connected   
+-----------+-----------------+-----------+
| Hall Up   |  -   -   -      | Door:   - |
| Hall Down |      -   -   -  | Stop:   - |
| Cab       |  -   -   -   -  | Obstr:  ^ |
+-----------+-----------------+--------113+
[2;0f+-----------+-----------------+            
|           |      #>         |            
| Floor     |  0   1*  2   3  |Connected   
+-----------+-----------------+-----------+
| Hall Up   |  -   -   -      | Door:   - |
| Hall Down |      -   -   -  | Stop:   - |
| Cab       |  -   -   -   *  | Obstr:  ^ |
+-----------+-----------------+--------114+
[2;0f+-----------+-----------------+            
|           |      #>         |            
| Floor     |  0   1*  2   3  |Connected   
+-----------+-----------------+-----------+
| Hall Up   |  -   -   -      | Door:   - |
| Hall Down |      -   -   -  | Stop:   - |
| Cab       |  -   -   -   *  | Obstr:  ^ |
+-----------+-----------------+--------115+
[2;0f+-----------+-----------------+            
|           |      #>         |            
| Floor     |  0   1*  2   3  |Connected   
+-----------+-----------------+-----------+
| Hall Up   |  -   -   -      | Door:   - |
| Hall Down |      -   -   -  | Stop:   - |
| Cab       |  -   -   -   *  | Obstr:  ^ |
+-----------+-----------------+--------116+
[2;0f+-----------+-----------------+            
|           |      #>         |            
| Floor     |  0   1*  2   3  |Connected   
+-----------+-----------------+-----------+
| Hall Up   |  -   -   -      | Door:   - |
| Hall Down |      -   -   -  | Stop:   - |
| Cab       |  -   -   -   *  | Obstr:  ^ |
+-----------+-----------------+--------117+
[2;0f+-----------+-----------------+            
|           |      #>         |            
| Floor     |  0   1*  2   3  |Connected   
+-----------+-----------------+-----------+
| Hall Up   |  -   -   -      | Door:   - |
| Hall Down |      -   -   -  | Stop:   - |
| Cab       |  -   -   -   *  | Obstr:  ^ |
+-----------+-----------------+--------118+
[2;0f+-----------+-----------------+            
|           |      #>         |            
| Floor     |  0   1*  2   3  |Connected   
+-----------+-----------------+-----------+
| Hall Up   |  -   -   -      | Door:   - |
| Hall Down |      -   -   -  | Stop:   - |
| Cab       |  -   -   -   *  | Obstr:  ^ |
+-----------+-----------------+--------119+
[2;0f+-----------+-----------------+            
|           |      #>         |            
| Floor     |  0   1*  2   3  |Connected   
+-----------+-----------------+-----------+
| Hall Up   |  -   -   -      | Door:   - |
| Hall Down |      -   -   -  | Stop:   - |
| Cab       |  -   -   -   *  | Obstr:  ^ |
+-----------+-----------------+--------120+
[2;0f+-----------+-----------------+            
|           |      #>         |            
| Floor     |  0   1*  2   3  |Connected   
+-----------+-----------------+-----------+
| Hall Up   |  -   -   -      | Door:   - |
| Hall Down |      -   -   -  | Stop:   - |
| Cab       |  -   -   -   *  | Obstr:  ^ |
+-----------+-----------------+--------121+
[2;0f+-----------+-----------------+            
|           |      #>         |            
| Floor     |  0   1*  2   3  |Connected   
+-----------+-----------------+-----------+
| Hall Up   |  -   -   -      | Door:   - |
| Hall Down |      -   -   -  | Stop:   - |
| Cab       |  -   -   -   *  | Obstr:  ^ |
+-----------+-----------------+--------122+
[2;0f+-----------+-----------------+            
|           |      #>         |            
| Floor     |  0   1*  2   3  |Connected   
+-----------+-----------------+-----------+
| Hall Up   |  -   -   -      | Door:   - |
| Hall Down |      -   -   -  | Stop:   - |
| Cab       |  -   -   -   *  | Obstr:  ^ |
+-----------+-----------------+--------123+
[2;0f+-----------+-----------------+            
|           |      #>         |            
| Floor     |  0   1*  2   3  |Connected   
+-----------+-----------------+-----------+
| Hall Up   |  -   -   -      | Door:   - |
| Hall Down |      -   -   -  | Stop:   - |
| Cab       |  -   -   -   *  | Obstr:  ^ |
+-----------+-----------------+--------124+
[2;0f+-----------+-----------------+            
|           |      #>         |            
| Floor     |  0   1*  2   3  |Connected   
+-----------+-----------------+-----------+
| Hall Up   |  -   -   -      | Door:   - |
| Hall Down |      -   -   -  | Stop:   - |
| Cab       |  -   -   -   *  | Obstr:  ^ |
+-----------+-----------------+--------125+
[2;0f+-----------+-----------------+            
|           |      #>         |            
| Floor     |  0   1*  2   3  |Connected   
+-----------+-----------------+-----------+
| Hall Up   |  -   -   -      | Door:   - |
| Hall Down |      -   -   -  | Stop:   - |
| Cab       |  -   -   -   *  | Obstr:  ^ |
+-----------+-----------------+--------126+
[2;0f+-----------+-----------------+            
|           |      #>         |            
| Floor     |  0   1*  2   3  |Connected   
+-----------+-----------------+-----------+
| Hall Up   |  -   -   -      | Door:   - |
| Hall Down |      -   -   -  | Stop:   - |
| Cab       |  -   -   -   *  | Obstr:  ^ |
+-----------+-----------------+--------127+
[2;0f+-----------+-----------------+            
|           |        #>       |            
| Floor     |  0   1*  2   3  |Connected   
+-----------+-----------------+-----------+
| Hall Up   |  -   -   -      | Door:   - |
| Hall Down |      -   -   -  | Stop:   - |
| Cab       |  -   -   -   *  | Obstr:  ^ |
+-----------+-----------------+--------128+
[2;0f+-----------+-----------------+            
|           |          #>     |            
| Floor     |  0   1*  2   3  |Connected   
+-----------+-----------------+-----------+
| Hall Up   |  -   -   -      | Door:   - |
| Hall Down |      -   -   -  | Stop:   - |
| Cab       |  -   -   -   *  | Obstr:  ^ |
+-----------+-----------------+--------129+
[2;0f+-----------+-----------------+            
|           |            #>   |            
| Floor     |  0   1*  2   3  |Connected   
+-----------+-----------------+-----------+
| Hall Up   |  -   -   -      | Door:   - |
| Hall Down |      -   -   -  | Stop:   - |
| Cab       |  -   -   -   *  | Obstr:  ^ |
+-----------+-----------------+--------130+
[2;0f+-----------+-----------------+            
|           |              #> |            
| Floor     |  0   1*  2   3  |Connected   
+-----------+-----------------+-----------+
| Hall Up   |  -   -   -      | Door:   - |
| Hall Down |      -   -   -  | Stop:   - |
| Cab       |  -   -   -   *  | Obstr:  ^ |
+-----------+-----------------+--------131+
Elevator departed the top floor going upward! Press [0] to move the elevator within bounds...

[2;0f+-----------+-----------------+            
|           |                #>            
| Floor     |  0   1*  2   3  |Connected   
+-----------+-----------------+-----------+
| Hall Up   |  -   -   -      | Door:   - |
| Hall Down |      -   -   -  | Stop:   - |
| Cab       |  -   -   -   *  | Obstr:  ^ |
+-----------+-----------------+--------132+
[2;0f+-----------+-----------------+            
|           |                #>            
| Floor     |  0   1*  2   3  |Disconnected
+-----------+-----------------+-----------+
| Hall Up   |  -   -   -      | Door:   - |
| Hall Down |      -   -   -  | Stop:   - |
| Cab       |  -   -   -   *  | Obstr:  ^ |
+-----------+-----------------+--------133+
[2;0f+-----------+-----------------+            
|           |                #>            
| Floor     |  0   1*  2   3  |Disconnected
+-----------+-----------------+-----------+
| Hall Up   |  -   -   -      | Door:   - |
| Hall Down |      -   -   -  | Stop:   - |
| Cab       |  -   -   -   *  | Obstr:  ^ |
+-----------+-----------------+--------134+
